<?xml version="1.0" encoding="UTF-8"?>
<coverage generated="1510843670232" clover="3.2.0">
  <project timestamp="1510843670232" name="All files">
    <metrics statements="35" coveredstatements="33" conditionals="9" coveredconditionals="9" methods="15" coveredmethods="13" elements="59" coveredelements="55" complexity="0" loc="35" ncloc="35" packages="7" files="10" classes="10">
      <package name="app">
        <metrics statements="2" coveredstatements="2" conditionals="0" coveredconditionals="0" methods="1" coveredmethods="1"/>
        <file name="helpers.js" path="/Users/andyblackledge/Sites/bb-react-prototype/app/helpers.js">
          <metrics statements="2" coveredstatements="2" conditionals="0" coveredconditionals="0" methods="1" coveredmethods="1"/>
          <line num="3" count="2" type="stmt"/>
          <line num="4" count="2" type="stmt"/>
        </file>
      </package>
      <package name="app.actions">
        <metrics statements="1" coveredstatements="1" conditionals="0" coveredconditionals="0" methods="0" coveredmethods="0"/>
        <file name="actionTypes.js" path="/Users/andyblackledge/Sites/bb-react-prototype/app/actions/actionTypes.js">
          <metrics statements="1" coveredstatements="1" conditionals="0" coveredconditionals="0" methods="0" coveredmethods="0"/>
          <line num="1" count="1" type="stmt"/>
        </file>
      </package>
      <package name="app.components">
        <metrics statements="14" coveredstatements="14" conditionals="4" coveredconditionals="4" methods="7" coveredmethods="7"/>
        <file name="feature.jsx" path="/Users/andyblackledge/Sites/bb-react-prototype/app/components/feature.jsx">
          <metrics statements="4" coveredstatements="4" conditionals="0" coveredconditionals="0" methods="2" coveredmethods="2"/>
          <line num="9" count="2" type="stmt"/>
          <line num="13" count="2" type="stmt"/>
          <line num="15" count="2" type="stmt"/>
          <line num="35" count="1" type="stmt"/>
        </file>
        <file name="menu.jsx" path="/Users/andyblackledge/Sites/bb-react-prototype/app/components/menu.jsx">
          <metrics statements="6" coveredstatements="6" conditionals="2" coveredconditionals="2" methods="3" coveredmethods="3"/>
          <line num="7" count="3" type="stmt"/>
          <line num="8" count="3" type="stmt"/>
          <line num="13" count="1" type="stmt"/>
          <line num="17" count="3" type="cond" truecount="2" falsecount="0"/>
          <line num="19" count="3" type="stmt"/>
          <line num="32" count="1" type="stmt"/>
        </file>
        <file name="promo.jsx" path="/Users/andyblackledge/Sites/bb-react-prototype/app/components/promo.jsx">
          <metrics statements="4" coveredstatements="4" conditionals="2" coveredconditionals="2" methods="2" coveredmethods="2"/>
          <line num="9" count="2" type="stmt"/>
          <line num="13" count="2" type="stmt"/>
          <line num="15" count="2" type="stmt"/>
          <line num="40" count="1" type="stmt"/>
        </file>
      </package>
      <package name="app.components._footer">
        <metrics statements="1" coveredstatements="1" conditionals="0" coveredconditionals="0" methods="1" coveredmethods="1"/>
        <file name="footer.jsx" path="/Users/andyblackledge/Sites/bb-react-prototype/app/components/_footer/footer.jsx">
          <metrics statements="1" coveredstatements="1" conditionals="0" coveredconditionals="0" methods="1" coveredmethods="1"/>
          <line num="6" count="1" type="stmt"/>
        </file>
      </package>
      <package name="app.components._header">
        <metrics statements="6" coveredstatements="6" conditionals="0" coveredconditionals="0" methods="3" coveredmethods="3"/>
        <file name="header.jsx" path="/Users/andyblackledge/Sites/bb-react-prototype/app/components/_header/header.jsx">
          <metrics statements="6" coveredstatements="6" conditionals="0" coveredconditionals="0" methods="3" coveredmethods="3"/>
          <line num="7" count="2" type="stmt"/>
          <line num="9" count="2" type="stmt"/>
          <line num="13" count="1" type="stmt"/>
          <line num="14" count="1" type="stmt"/>
          <line num="18" count="2" type="stmt"/>
          <line num="31" count="1" type="stmt"/>
        </file>
      </package>
      <package name="app.reducers">
        <metrics statements="3" coveredstatements="3" conditionals="5" coveredconditionals="5" methods="1" coveredmethods="1"/>
        <file name="menuReducer.js" path="/Users/andyblackledge/Sites/bb-react-prototype/app/reducers/menuReducer.js">
          <metrics statements="3" coveredstatements="3" conditionals="5" coveredconditionals="5" methods="1" coveredmethods="1"/>
          <line num="4" count="3" type="cond" truecount="2" falsecount="0"/>
          <line num="6" count="2" type="cond" truecount="2" falsecount="0"/>
          <line num="8" count="1" type="stmt"/>
        </file>
      </package>
      <package name="test">
        <metrics statements="8" coveredstatements="6" conditionals="0" coveredconditionals="0" methods="2" coveredmethods="0"/>
        <file name="jestsetup.js" path="/Users/andyblackledge/Sites/bb-react-prototype/test/jestsetup.js">
          <metrics statements="6" coveredstatements="5" conditionals="0" coveredconditionals="0" methods="1" coveredmethods="0"/>
          <line num="7" count="6" type="stmt"/>
          <line num="9" count="6" type="stmt"/>
          <line num="10" count="6" type="stmt"/>
          <line num="11" count="6" type="stmt"/>
          <line num="13" count="6" type="stmt"/>
          <line num="14" count="0" type="stmt"/>
        </file>
        <file name="tempPolyfills.js" path="/Users/andyblackledge/Sites/bb-react-prototype/test/tempPolyfills.js">
          <metrics statements="2" coveredstatements="1" conditionals="0" coveredconditionals="0" methods="1" coveredmethods="0"/>
          <line num="1" count="6" type="stmt"/>
          <line num="2" count="0" type="stmt"/>
        </file>
      </package>
    </metrics>
  </project>
</coverage>
