{"/Users/andyblackledge/Sites/bb-react-prototype/app/helpers.js": {"path":"/Users/andyblackledge/Sites/bb-react-prototype/app/helpers.js","statementMap":{"0":{"start":{"line":3,"column":28},"end":{"line":5,"column":1}},"1":{"start":{"line":4,"column":2},"end":{"line":4,"column":30}}},"fnMap":{"0":{"name":"(anonymous_0)","decl":{"start":{"line":3,"column":28},"end":{"line":3,"column":29}},"loc":{"start":{"line":3,"column":49},"end":{"line":5,"column":1}},"line":3}},"branchMap":{},"s":{"0":2,"1":2},"f":{"0":2},"b":{},"_coverageSchema":"332fd63041d2c1bcb487cc26dd0d5f7d97098a6c","hash":"b3b758798de8aad367c0a03bd4351c316cc48242"}
,"/Users/andyblackledge/Sites/bb-react-prototype/app/actions/actionTypes.js": {"path":"/Users/andyblackledge/Sites/bb-react-prototype/app/actions/actionTypes.js","statementMap":{"0":{"start":{"line":1,"column":27},"end":{"line":3,"column":1}}},"fnMap":{},"branchMap":{},"s":{"0":1},"f":{},"b":{},"_coverageSchema":"332fd63041d2c1bcb487cc26dd0d5f7d97098a6c","hash":"6ba8e1efb3390f488012020c93d18665abb255d3"}
,"/Users/andyblackledge/Sites/bb-react-prototype/app/components/feature.jsx": {"path":"/Users/andyblackledge/Sites/bb-react-prototype/app/components/feature.jsx","statementMap":{"0":{"start":{"line":9,"column":4},"end":{"line":9,"column":12}},"1":{"start":{"line":13,"column":21},"end":{"line":13,"column":36}},"2":{"start":{"line":15,"column":4},"end":{"line":31,"column":5}},"3":{"start":{"line":35,"column":0},"end":{"line":37,"column":1}}},"fnMap":{"0":{"name":"(anonymous_0)","decl":{"start":{"line":8,"column":2},"end":{"line":8,"column":3}},"loc":{"start":{"line":8,"column":16},"end":{"line":10,"column":3}},"line":8},"1":{"name":"(anonymous_1)","decl":{"start":{"line":12,"column":2},"end":{"line":12,"column":3}},"loc":{"start":{"line":12,"column":11},"end":{"line":32,"column":3}},"line":12}},"branchMap":{},"s":{"0":2,"1":2,"2":2,"3":1},"f":{"0":2,"1":2},"b":{},"_coverageSchema":"332fd63041d2c1bcb487cc26dd0d5f7d97098a6c","hash":"d3b2618b4d7a1345b47d27ece295c9e1c6dc7f16"}
,"/Users/andyblackledge/Sites/bb-react-prototype/app/components/menu.jsx": {"path":"/Users/andyblackledge/Sites/bb-react-prototype/app/components/menu.jsx","statementMap":{"0":{"start":{"line":7,"column":4},"end":{"line":7,"column":17}},"1":{"start":{"line":8,"column":4},"end":{"line":8,"column":47}},"2":{"start":{"line":13,"column":4},"end":{"line":13,"column":31}},"3":{"start":{"line":17,"column":17},"end":{"line":17,"column":54}},"4":{"start":{"line":19,"column":4},"end":{"line":28,"column":5}},"5":{"start":{"line":32,"column":0},"end":{"line":35,"column":2}}},"fnMap":{"0":{"name":"(anonymous_0)","decl":{"start":{"line":6,"column":2},"end":{"line":6,"column":3}},"loc":{"start":{"line":6,"column":21},"end":{"line":9,"column":3}},"line":6},"1":{"name":"(anonymous_1)","decl":{"start":{"line":11,"column":2},"end":{"line":11,"column":3}},"loc":{"start":{"line":11,"column":15},"end":{"line":14,"column":3}},"line":11},"2":{"name":"(anonymous_2)","decl":{"start":{"line":16,"column":2},"end":{"line":16,"column":3}},"loc":{"start":{"line":16,"column":11},"end":{"line":29,"column":3}},"line":16}},"branchMap":{"0":{"loc":{"start":{"line":17,"column":17},"end":{"line":17,"column":54}},"type":"cond-expr","locations":[{"start":{"line":17,"column":39},"end":{"line":17,"column":49}},{"start":{"line":17,"column":52},"end":{"line":17,"column":54}}],"line":17}},"s":{"0":3,"1":3,"2":1,"3":3,"4":3,"5":1},"f":{"0":3,"1":1,"2":3},"b":{"0":[1,2]},"_coverageSchema":"332fd63041d2c1bcb487cc26dd0d5f7d97098a6c","hash":"512a43e1fd81ef324661b6a75e9623fbac1bdf4a"}
,"/Users/andyblackledge/Sites/bb-react-prototype/app/components/promo.jsx": {"path":"/Users/andyblackledge/Sites/bb-react-prototype/app/components/promo.jsx","statementMap":{"0":{"start":{"line":9,"column":4},"end":{"line":9,"column":12}},"1":{"start":{"line":13,"column":21},"end":{"line":13,"column":36}},"2":{"start":{"line":15,"column":4},"end":{"line":36,"column":5}},"3":{"start":{"line":40,"column":0},"end":{"line":42,"column":1}}},"fnMap":{"0":{"name":"(anonymous_0)","decl":{"start":{"line":8,"column":2},"end":{"line":8,"column":3}},"loc":{"start":{"line":8,"column":16},"end":{"line":10,"column":3}},"line":8},"1":{"name":"(anonymous_1)","decl":{"start":{"line":12,"column":2},"end":{"line":12,"column":3}},"loc":{"start":{"line":12,"column":11},"end":{"line":37,"column":3}},"line":12}},"branchMap":{"0":{"loc":{"start":{"line":26,"column":18},"end":{"line":28,"column":24}},"type":"cond-expr","locations":[{"start":{"line":27,"column":20},"end":{"line":27,"column":73}},{"start":{"line":28,"column":20},"end":{"line":28,"column":24}}],"line":26}},"s":{"0":2,"1":2,"2":2,"3":1},"f":{"0":2,"1":2},"b":{"0":[1,1]},"_coverageSchema":"332fd63041d2c1bcb487cc26dd0d5f7d97098a6c","hash":"a1be717f2ffa69f0dd5109b5fb3ef33614d5bd95"}
,"/Users/andyblackledge/Sites/bb-react-prototype/app/components/_footer/footer.jsx": {"path":"/Users/andyblackledge/Sites/bb-react-prototype/app/components/_footer/footer.jsx","statementMap":{"0":{"start":{"line":6,"column":4},"end":{"line":10,"column":5}}},"fnMap":{"0":{"name":"(anonymous_0)","decl":{"start":{"line":5,"column":2},"end":{"line":5,"column":3}},"loc":{"start":{"line":5,"column":11},"end":{"line":11,"column":3}},"line":5}},"branchMap":{},"s":{"0":1},"f":{"0":1},"b":{},"_coverageSchema":"332fd63041d2c1bcb487cc26dd0d5f7d97098a6c","hash":"2e34d7731aeadaf1023dfcb94d628be5db880c87"}
,"/Users/andyblackledge/Sites/bb-react-prototype/app/components/_header/header.jsx": {"path":"/Users/andyblackledge/Sites/bb-react-prototype/app/components/_header/header.jsx","statementMap":{"0":{"start":{"line":7,"column":4},"end":{"line":7,"column":12}},"1":{"start":{"line":9,"column":4},"end":{"line":9,"column":51}},"2":{"start":{"line":13,"column":4},"end":{"line":13,"column":23}},"3":{"start":{"line":14,"column":4},"end":{"line":14,"column":28}},"4":{"start":{"line":18,"column":4},"end":{"line":27,"column":5}},"5":{"start":{"line":31,"column":0},"end":{"line":33,"column":2}}},"fnMap":{"0":{"name":"(anonymous_0)","decl":{"start":{"line":6,"column":2},"end":{"line":6,"column":3}},"loc":{"start":{"line":6,"column":16},"end":{"line":10,"column":3}},"line":6},"1":{"name":"(anonymous_1)","decl":{"start":{"line":12,"column":2},"end":{"line":12,"column":3}},"loc":{"start":{"line":12,"column":17},"end":{"line":15,"column":3}},"line":12},"2":{"name":"(anonymous_2)","decl":{"start":{"line":17,"column":2},"end":{"line":17,"column":3}},"loc":{"start":{"line":17,"column":11},"end":{"line":28,"column":3}},"line":17}},"branchMap":{},"s":{"0":2,"1":2,"2":1,"3":1,"4":2,"5":1},"f":{"0":2,"1":1,"2":2},"b":{},"_coverageSchema":"332fd63041d2c1bcb487cc26dd0d5f7d97098a6c","hash":"9be8084907278d340f4a06cafac2a044db9b41d0"}
,"/Users/andyblackledge/Sites/bb-react-prototype/app/reducers/menuReducer.js": {"path":"/Users/andyblackledge/Sites/bb-react-prototype/app/reducers/menuReducer.js","statementMap":{"0":{"start":{"line":4,"column":2},"end":{"line":9,"column":3}},"1":{"start":{"line":6,"column":6},"end":{"line":6,"column":34}},"2":{"start":{"line":8,"column":6},"end":{"line":8,"column":19}}},"fnMap":{"0":{"name":"menuReducer","decl":{"start":{"line":3,"column":24},"end":{"line":3,"column":35}},"loc":{"start":{"line":3,"column":59},"end":{"line":10,"column":1}},"line":3}},"branchMap":{"0":{"loc":{"start":{"line":3,"column":36},"end":{"line":3,"column":49}},"type":"default-arg","locations":[{"start":{"line":3,"column":44},"end":{"line":3,"column":49}}],"line":3},"1":{"loc":{"start":{"line":4,"column":2},"end":{"line":9,"column":3}},"type":"switch","locations":[{"start":{"line":5,"column":4},"end":{"line":6,"column":34}},{"start":{"line":7,"column":4},"end":{"line":8,"column":19}}],"line":4},"2":{"loc":{"start":{"line":6,"column":13},"end":{"line":6,"column":33}},"type":"cond-expr","locations":[{"start":{"line":6,"column":21},"end":{"line":6,"column":26}},{"start":{"line":6,"column":29},"end":{"line":6,"column":33}}],"line":6}},"s":{"0":3,"1":2,"2":1},"f":{"0":3},"b":{"0":[1],"1":[2,1],"2":[1,1]},"_coverageSchema":"332fd63041d2c1bcb487cc26dd0d5f7d97098a6c","hash":"3e0ddd962b232d5b4eeefa2abf5c7d7a329c5b4c"}
,"/Users/andyblackledge/Sites/bb-react-prototype/test/jestsetup.js": {"path":"/Users/andyblackledge/Sites/bb-react-prototype/test/jestsetup.js","statementMap":{"0":{"start":{"line":7,"column":0},"end":{"line":7,"column":45}},"1":{"start":{"line":9,"column":0},"end":{"line":9,"column":25}},"2":{"start":{"line":10,"column":0},"end":{"line":10,"column":23}},"3":{"start":{"line":11,"column":0},"end":{"line":11,"column":21}},"4":{"start":{"line":13,"column":0},"end":{"line":15,"column":2}},"5":{"start":{"line":14,"column":3},"end":{"line":14,"column":28}}},"fnMap":{"0":{"name":"(anonymous_0)","decl":{"start":{"line":13,"column":16},"end":{"line":13,"column":17}},"loc":{"start":{"line":13,"column":27},"end":{"line":15,"column":1}},"line":13}},"branchMap":{},"s":{"0":6,"1":6,"2":6,"3":6,"4":6,"5":0},"f":{"0":0},"b":{},"_coverageSchema":"332fd63041d2c1bcb487cc26dd0d5f7d97098a6c","hash":"a6b86d6da161ed90c529a7cb1343fd75db903c49"}
,"/Users/andyblackledge/Sites/bb-react-prototype/test/tempPolyfills.js": {"path":"/Users/andyblackledge/Sites/bb-react-prototype/test/tempPolyfills.js","statementMap":{"0":{"start":{"line":1,"column":12},"end":{"line":3,"column":1}},"1":{"start":{"line":2,"column":2},"end":{"line":2,"column":19}}},"fnMap":{"0":{"name":"(anonymous_0)","decl":{"start":{"line":1,"column":43},"end":{"line":1,"column":44}},"loc":{"start":{"line":1,"column":51},"end":{"line":3,"column":1}},"line":1}},"branchMap":{},"s":{"0":6,"1":0},"f":{"0":0},"b":{},"_coverageSchema":"332fd63041d2c1bcb487cc26dd0d5f7d97098a6c","hash":"f79fd3435621fd4bcbfaff60fc4336674f7b99db"}
}
